<?xml version="1.0" encoding="UTF-8"?>
<testng-results ignored="0" total="1" passed="1" failed="0" skipped="0">
  <reporter-output>
  </reporter-output>
  <suite started-at="2023-08-01T18:10:29 TRT" name="Default suite" finished-at="2023-08-01T18:10:47 TRT" duration-ms="18545">
    <groups>
    </groups>
    <test started-at="2023-08-01T18:10:29 TRT" name="Default test" finished-at="2023-08-01T18:10:47 TRT" duration-ms="18545">
      <class name="MyTest">
        <test-method is-config="true" signature="BeforeMyTest()[pri:0, instance:MyTest@47af7f3d]" started-at="2023-08-01T18:10:29 TRT" name="BeforeMyTest" finished-at="2023-08-01T18:10:32 TRT" duration-ms="3629" status="PASS">
          <reporter-output>
          </reporter-output>
        </test-method> <!-- BeforeMyTest -->
        <test-method signature="exchange_currencies()[pri:0, instance:MyTest@47af7f3d]" started-at="2023-08-01T18:10:32 TRT" name="exchange_currencies" finished-at="2023-08-01T18:10:47 TRT" duration-ms="14882" status="PASS">
          <reporter-output>
          </reporter-output>
        </test-method> <!-- exchange_currencies -->
      </class> <!-- MyTest -->
    </test> <!-- Default test -->
  </suite> <!-- Default suite -->
</testng-results>
